11/29/2018 06:45:58 AM - Save Script: Version 13.2.0.1.203 User vidya.bm
11/29/2018 06:46:22 AM - Save Script: Version 13.2.0.1.203 User vidya.bm
11/29/2018 06:46:25 AM - Save Script: Version 13.2.0.1.203 User vidya.bm
11/29/2018 07:14:01 AM - Save Script: Version 13.2.0.1.203 User vidya.bm
11/29/2018 07:14:23 AM - Save Script: Version 13.2.0.1.203 User vidya.bm
11/29/2018 07:15:14 AM - Save Script: Version 13.2.0.1.203 User vidya.bm
11/29/2018 07:15:29 AM - Save Script: Version 13.2.0.1.203 User vidya.bm
11/29/2018 07:15:48 AM - Save Script: Version 13.2.0.1.203 User vidya.bm
11/29/2018 07:16:26 AM - Save Script: Version 13.2.0.1.203 User vidya.bm
11/29/2018 07:21:00 AM - Save Script: Version 13.2.0.1.203 User vidya.bm
11/29/2018 07:21:12 AM - Save Script: Version 13.2.0.1.203 User vidya.bm
11/29/2018 07:22:04 AM - Save Script: Version 13.2.0.1.203 User vidya.bm
11/29/2018 07:28:51 AM - Save Script: Version 13.2.0.1.203 User vidya.bm
11/29/2018 07:29:26 AM - Save Script: Version 13.2.0.1.203 User vidya.bm
11/29/2018 07:30:08 AM - Save Script: Version 13.2.0.1.203 User vidya.bm
11/29/2018 07:33:31 AM - Save Script: Version 13.2.0.1.203 User vidya.bm
11/29/2018 07:34:04 AM - Save Script: Version 13.2.0.1.203 User vidya.bm
11/29/2018 07:34:23 AM - Save Script: Version 13.2.0.1.203 User vidya.bm
11/29/2018 07:34:44 AM - Save Script: Version 13.2.0.1.203 User vidya.bm
11/29/2018 07:34:53 AM - Save Script: Version 13.2.0.1.203 User vidya.bm
11/29/2018 07:35:08 AM - Save Script: Version 13.2.0.1.203 User vidya.bm
11/29/2018 07:35:13 AM - Save Script: Version 13.2.0.1.203 User vidya.bm
11/29/2018 07:35:30 AM - Save Script: Version 13.2.0.1.203 User vidya.bm
11/29/2018 07:35:36 AM - Save Script: Version 13.2.0.1.203 User vidya.bm
11/29/2018 07:36:25 AM - Save Script: Version 13.2.0.1.203 User vidya.bm
11/29/2018 08:35:05 AM - Save Script: Version 13.2.0.1.203 User vidya.bm
11/29/2018 08:35:10 AM - Save Script: Version 13.2.0.1.203 User vidya.bm
11/29/2018 08:35:40 AM - Save Script: Version 13.2.0.1.203 User vidya.bm
11/29/2018 08:35:58 AM - Save Script: Version 13.2.0.1.203 User vidya.bm
11/29/2018 08:36:10 AM - Save Script: Version 13.2.0.1.203 User vidya.bm
11/29/2018 08:38:03 AM - Save Script: Version 13.2.0.1.203 User vidya.bm
11/29/2018 08:38:09 AM - Save Script: Version 13.2.0.1.203 User vidya.bm
11/29/2018 08:38:14 AM - Save Script: Version 13.2.0.1.203 User vidya.bm
11/29/2018 08:39:12 AM - Save Script: Version 13.2.0.1.203 User vidya.bm
11/29/2018 08:40:15 AM - Save Script: Version 13.2.0.1.203 User vidya.bm
11/29/2018 08:40:42 AM - Save Script: Version 13.2.0.1.203 User vidya.bm
11/29/2018 08:40:51 AM - Save Script: Version 13.2.0.1.203 User vidya.bm
11/29/2018 08:41:03 AM - Save Script: Version 13.2.0.1.203 User vidya.bm
11/29/2018 08:41:14 AM - Save Script: Version 13.2.0.1.203 User vidya.bm
11/29/2018 08:42:10 AM - Save Script: Version 13.2.0.1.203 User vidya.bm
11/29/2018 08:42:42 AM - Save Script: Version 13.2.0.1.203 User vidya.bm
11/29/2018 08:42:52 AM - Save Script: Version 13.2.0.1.203 User vidya.bm
11/29/2018 08:43:57 AM - Save Script: Version 13.2.0.1.203 User vidya.bm
11/29/2018 08:43:59 AM - Save Script: Version 13.2.0.1.203 User vidya.bm
11/29/2018 08:49:14 AM - Save Script: Version 13.2.0.1.203 User vidya.bm
11/29/2018 08:49:49 AM - Save Script: Version 13.2.0.1.203 User vidya.bm
11/29/2018 08:57:19 AM - Save Script: Version 13.2.0.1.203 User vidya.bm
11/29/2018 08:57:21 AM - Save Script: Version 13.2.0.1.203 User vidya.bm
11/29/2018 08:57:25 AM - Save Script: Version 13.2.0.1.203 User vidya.bm
11/29/2018 09:06:17 AM - Save Script: Version 13.2.0.1.203 User vidya.bm
11/29/2018 09:06:43 AM - Save Script: Version 13.2.0.1.203 User vidya.bm
11/29/2018 09:07:08 AM - Save Script: Version 13.2.0.1.203 User vidya.bm
11/29/2018 09:07:34 AM - Save Script: Version 13.2.0.1.203 User vidya.bm
11/29/2018 09:27:46 AM - Save Script: Version 13.2.0.1.203 User vidya.bm
11/29/2018 09:27:56 AM - Save Script: Version 13.2.0.1.203 User vidya.bm
11/29/2018 09:28:02 AM - Save Script: Version 13.2.0.1.203 User vidya.bm
11/29/2018 10:09:31 AM - Save Script: Version 13.2.0.1.203 User vidya.bm
11/29/2018 10:09:41 AM - Save Script: Version 13.2.0.1.203 User vidya.bm
11/29/2018 10:14:12 AM - Save Script: Version 13.2.0.1.203 User vidya.bm
11/29/2018 10:15:22 AM - Save Script: Version 13.2.0.1.203 User vidya.bm
11/29/2018 10:15:29 AM - Save Script: Version 13.2.0.1.203 User vidya.bm
11/29/2018 10:15:54 AM - Save Script: Version 13.2.0.1.203 User vidya.bm
11/29/2018 10:16:16 AM - Save Script: Version 13.2.0.1.203 User vidya.bm
11/29/2018 10:16:26 AM - Save Script: Version 13.2.0.1.203 User vidya.bm
11/29/2018 10:16:31 AM - Save Script: Version 13.2.0.1.203 User vidya.bm
11/29/2018 10:16:59 AM - Save Script: Version 13.2.0.1.203 User vidya.bm
11/29/2018 10:50:41 AM - Save Script: Version 13.2.0.1.203 User vidya.bm
11/29/2018 10:52:18 AM - Save Script: Version 13.2.0.1.203 User vidya.bm
11/29/2018 10:53:45 AM - Save Script: Version 13.2.0.1.203 User vidya.bm
11/29/2018 10:54:42 AM - Save Script: Version 13.2.0.1.203 User vidya.bm
11/29/2018 10:55:36 AM - Save Script: Version 13.2.0.1.203 User vidya.bm
11/29/2018 10:56:41 AM - Save Script: Version 13.2.0.1.203 User vidya.bm
11/29/2018 10:57:21 AM - Save Script: Version 13.2.0.1.203 User vidya.bm
11/29/2018 10:57:24 AM - Save Script: Version 13.2.0.1.203 User vidya.bm
11/29/2018 10:58:17 AM - Save Script: Version 13.2.0.1.203 User vidya.bm
11/29/2018 10:58:27 AM - Save Script: Version 13.2.0.1.203 User vidya.bm
11/29/2018 10:59:26 AM - Save Script: Version 13.2.0.1.203 User vidya.bm
11/29/2018 10:59:28 AM - Save Script: Version 13.2.0.1.203 User vidya.bm
11/29/2018 11:00:18 AM - Save Script: Version 13.2.0.1.203 User vidya.bm
11/29/2018 11:00:46 AM - Save Script: Version 13.2.0.1.203 User vidya.bm
11/29/2018 11:02:09 AM - Save Script: Version 13.2.0.1.203 User vidya.bm
11/29/2018 11:02:12 AM - Save Script: Version 13.2.0.1.203 User vidya.bm
11/29/2018 11:02:29 AM - Save Script: Version 13.2.0.1.203 User vidya.bm
11/29/2018 11:02:48 AM - Save Script: Version 13.2.0.1.203 User vidya.bm
11/29/2018 11:02:54 AM - Save Script: Version 13.2.0.1.203 User vidya.bm
11/29/2018 11:02:59 AM - Save Script: Version 13.2.0.1.203 User vidya.bm
11/29/2018 11:03:07 AM - Save Script: Version 13.2.0.1.203 User vidya.bm
11/29/2018 11:03:14 AM - Save Script: Version 13.2.0.1.203 User vidya.bm
11/29/2018 11:47:35 AM - Save Script: Version 13.2.0.1.203 User vidya.bm
11/29/2018 11:50:49 AM - Save Script: Version 13.2.0.1.203 User vidya.bm
11/29/2018 11:51:05 AM - Save Script: Version 13.2.0.1.203 User vidya.bm
11/29/2018 12:01:50 PM - Save Script: Version 13.2.0.1.203 User vidya.bm
11/29/2018 12:08:39 PM - Save Script: Version 13.2.0.1.203 User vidya.bm
12/07/2018 10:01:44 AM - Save Script: Version 13.2.0.1.203 User vidya.bm
12/07/2018 10:01:47 AM - Save Script: Version 13.2.0.1.203 User vidya.bm
12/07/2018 10:16:21 AM - Save Script: Version 13.2.0.1.203 User vidya.bm
12/07/2018 10:17:00 AM - Save Script: Version 13.2.0.1.203 User vidya.bm
12/07/2018 10:17:11 AM - Save Script: Version 13.2.0.1.203 User vidya.bm
12/07/2018 10:17:22 AM - Save Script: Version 13.2.0.1.203 User vidya.bm
12/07/2018 10:17:42 AM - Save Script: Version 13.2.0.1.203 User vidya.bm
12/07/2018 10:17:45 AM - Save Script: Version 13.2.0.1.203 User vidya.bm
12/07/2018 10:20:57 AM - Save Script: Version 13.2.0.1.203 User vidya.bm
12/07/2018 10:40:24 AM - Save Script: Version 13.2.0.1.203 User vidya.bm
12/07/2018 10:40:28 AM - Save Script: Version 13.2.0.1.203 User vidya.bm
12/07/2018 10:48:32 AM - Save Script: Version 13.2.0.1.203 User vidya.bm
12/07/2018 10:48:54 AM - Save Script: Version 13.2.0.1.203 User vidya.bm
12/07/2018 10:49:01 AM - Save Script: Version 13.2.0.1.203 User vidya.bm
12/07/2018 11:11:34 AM - Save Script: Version 13.2.0.1.203 User vidya.bm
12/07/2018 11:11:48 AM - Save Script: Version 13.2.0.1.203 User vidya.bm
12/07/2018 11:15:39 AM - Save Script: Version 13.2.0.1.203 User vidya.bm
12/07/2018 11:16:58 AM - Save Script: Version 13.2.0.1.203 User vidya.bm
12/07/2018 11:17:02 AM - Save Script: Version 13.2.0.1.203 User vidya.bm
12/07/2018 11:17:31 AM - Save Script: Version 13.2.0.1.203 User vidya.bm
12/07/2018 11:21:32 AM - Save Script: Version 13.2.0.1.203 User vidya.bm
12/07/2018 11:21:49 AM - Save Script: Version 13.2.0.1.203 User vidya.bm
12/07/2018 11:22:00 AM - Save Script: Version 13.2.0.1.203 User vidya.bm
12/07/2018 11:25:55 AM - Save Script: Version 13.2.0.1.203 User vidya.bm
12/07/2018 11:26:01 AM - Save Script: Version 13.2.0.1.203 User vidya.bm
12/07/2018 11:26:09 AM - Save Script: Version 13.2.0.1.203 User vidya.bm
12/07/2018 11:29:04 AM - Save Script: Version 13.2.0.1.203 User vidya.bm
12/07/2018 11:30:11 AM - Save Script: Version 13.2.0.1.203 User vidya.bm
12/07/2018 11:30:16 AM - Save Script: Version 13.2.0.1.203 User vidya.bm
12/07/2018 11:37:54 AM - Save Script: Version 13.2.0.1.203 User vidya.bm
12/07/2018 11:38:05 AM - Save Script: Version 13.2.0.1.203 User vidya.bm
12/07/2018 11:38:25 AM - Save Script: Version 13.2.0.1.203 User vidya.bm
12/07/2018 11:38:32 AM - Save Script: Version 13.2.0.1.203 User vidya.bm
12/07/2018 11:42:56 AM - Save Script: Version 13.2.0.1.203 User vidya.bm
12/07/2018 11:44:40 AM - Save Script: Version 13.2.0.1.203 User vidya.bm
12/07/2018 11:53:28 AM - Save Script: Version 13.2.0.1.203 User vidya.bm
12/07/2018 11:53:54 AM - Save Script: Version 13.2.0.1.203 User vidya.bm
12/07/2018 11:55:04 AM - Save Script: Version 13.2.0.1.203 User vidya.bm
12/07/2018 11:55:11 AM - Save Script: Version 13.2.0.1.203 User vidya.bm
12/07/2018 11:55:25 AM - Save Script: Version 13.2.0.1.203 User vidya.bm
12/07/2018 11:55:33 AM - Save Script: Version 13.2.0.1.203 User vidya.bm
12/07/2018 11:55:38 AM - Save Script: Version 13.2.0.1.203 User vidya.bm
12/07/2018 12:02:39 PM - Save Script: Version 13.2.0.1.203 User vidya.bm
12/07/2018 12:08:56 PM - Save Script: Version 13.2.0.1.203 User vidya.bm
12/07/2018 12:14:01 PM - Save Script: Version 13.2.0.1.203 User vidya.bm
12/07/2018 12:14:20 PM - Save Script: Version 13.2.0.1.203 User vidya.bm
12/07/2018 12:14:51 PM - Save Script: Version 13.2.0.1.203 User vidya.bm
12/07/2018 12:14:58 PM - Save Script: Version 13.2.0.1.203 User vidya.bm
12/07/2018 12:15:03 PM - Save Script: Version 13.2.0.1.203 User vidya.bm
12/07/2018 12:15:08 PM - Save Script: Version 13.2.0.1.203 User vidya.bm
12/07/2018 12:20:01 PM - Save Script: Version 13.2.0.1.203 User vidya.bm
12/11/2018 05:20:57 AM - Save Script: Version 13.2.0.1.203 User vidya.bm
12/11/2018 05:21:01 AM - Save Script: Version 13.2.0.1.203 User vidya.bm
12/11/2018 05:21:12 AM - Save Script: Version 13.2.0.1.203 User vidya.bm
12/11/2018 05:22:14 AM - Save Script: Version 13.2.0.1.203 User vidya.bm
12/11/2018 05:22:19 AM - Save Script: Version 13.2.0.1.203 User vidya.bm
12/11/2018 05:26:23 AM - Save Script: Version 13.2.0.1.203 User vidya.bm
12/11/2018 05:31:15 AM - Save Script: Version 13.2.0.1.203 User vidya.bm
12/11/2018 05:31:24 AM - Save Script: Version 13.2.0.1.203 User vidya.bm
12/11/2018 05:48:47 AM - Save Script: Version 13.2.0.1.203 User vidya.bm
12/11/2018 05:49:08 AM - Save Script: Version 13.2.0.1.203 User vidya.bm
12/11/2018 05:50:55 AM - Save Script: Version 13.2.0.1.203 User vidya.bm
12/11/2018 05:52:50 AM - Save Script: Version 13.2.0.1.203 User vidya.bm
12/11/2018 05:53:01 AM - Save Script: Version 13.2.0.1.203 User vidya.bm
12/14/2018 06:49:44 AM - Save Script: Version 13.2.0.1.203 User vidya.bm
12/14/2018 06:50:44 AM - Save Script: Version 13.2.0.1.203 User vidya.bm
12/14/2018 06:51:05 AM - Save Script: Version 13.2.0.1.203 User vidya.bm
12/14/2018 06:51:34 AM - Save Script: Version 13.2.0.1.203 User vidya.bm
12/14/2018 06:51:49 AM - Save Script: Version 13.2.0.1.203 User vidya.bm
12/14/2018 06:52:14 AM - Save Script: Version 13.2.0.1.203 User vidya.bm
2/07/2019 14:42:56 PM - Save Script: Version 13.2.0.1.203 User vidya.bm
2/07/2019 14:43:12 PM - Save Script: Version 13.2.0.1.203 User vidya.bm
2/07/2019 14:43:22 PM - Save Script: Version 13.2.0.1.203 User vidya.bm
2/07/2019 14:43:29 PM - Save Script: Version 13.2.0.1.203 User vidya.bm
2/07/2019 14:43:56 PM - Save Script: Version 13.2.0.1.203 User vidya.bm
2/07/2019 14:44:57 PM - Save Script: Version 13.2.0.1.203 User vidya.bm
2/07/2019 14:45:12 PM - Save Script: Version 13.2.0.1.203 User vidya.bm
2/07/2019 14:45:21 PM - Save Script: Version 13.2.0.1.203 User vidya.bm
2/07/2019 14:45:34 PM - Save Script: Version 13.2.0.1.203 User vidya.bm
2/07/2019 14:45:36 PM - Save Script: Version 13.2.0.1.203 User vidya.bm
2/07/2019 14:47:29 PM - Save Script: Version 13.2.0.1.203 User vidya.bm
2/07/2019 14:47:35 PM - Save Script: Version 13.2.0.1.203 User vidya.bm
2/07/2019 14:49:39 PM - Save Script: Version 13.2.0.1.203 User vidya.bm
2/07/2019 14:50:07 PM - Save Script: Version 13.2.0.1.203 User vidya.bm
2/07/2019 14:50:22 PM - Save Script: Version 13.2.0.1.203 User vidya.bm
2/07/2019 14:50:27 PM - Save Script: Version 13.2.0.1.203 User vidya.bm
2/07/2019 14:51:42 PM - Save Script: Version 13.2.0.1.203 User vidya.bm
2/07/2019 14:52:56 PM - Save Script: Version 13.2.0.1.203 User vidya.bm
5/13/2019 08:32:36 AM - Save Script: Version 13.2.0.1.203 User sudhir.pogaku
5/17/2019 14:30:17 PM - Save Script: Version 13.2.0.1.203 User sudhir.pogaku
5/17/2019 14:32:41 PM - Save Script: Version 13.2.0.1.203 User sudhir.pogaku
5/17/2019 14:50:36 PM - Save Script: Version 13.2.0.1.203 User sudhir.pogaku
5/18/2019 08:56:31 AM - Save Script: Version 13.2.0.1.203 User sudhir.pogaku
5/18/2019 08:58:46 AM - Save Script: Version 13.2.0.1.203 User sudhir.pogaku
5/18/2019 09:00:06 AM - Save Script: Version 13.2.0.1.203 User sudhir.pogaku
5/18/2019 09:00:32 AM - Save Script: Version 13.2.0.1.203 User sudhir.pogaku
5/18/2019 09:32:33 AM - Save Script: Version 13.2.0.1.203 User sudhir.pogaku
5/18/2019 09:32:43 AM - Save Script: Version 13.2.0.1.203 User sudhir.pogaku
6/04/2019 12:30:50 PM - Save Script: Version 13.2.0.1.203 User sudhir.pogaku
6/04/2019 12:44:20 PM - Save Script: Version 13.2.0.1.203 User sudhir.pogaku
6/04/2019 12:57:32 PM - Save Script: Version 13.2.0.1.203 User sudhir.pogaku
6/05/2019 06:38:40 AM - Save Script: Version 13.2.0.1.203 User sudhir.pogaku
6/05/2019 10:34:25 AM - Save Script: Version 13.2.0.1.203 User sudhir.pogaku
6/05/2019 10:45:55 AM - Save Script: Version 13.2.0.1.203 User sudhir.pogaku
6/05/2019 12:43:00 PM - Save Script: Version 13.2.0.1.203 User sudhir.pogaku
6/05/2019 12:59:45 PM - Save Script: Version 13.2.0.1.203 User sudhir.pogaku
6/05/2019 13:18:20 PM - Save Script: Version 13.2.0.1.203 User sudhir.pogaku
6/05/2019 13:39:23 PM - Save Script: Version 13.2.0.1.203 User sudhir.pogaku
6/05/2019 13:40:57 PM - Save Script: Version 13.2.0.1.203 User sudhir.pogaku
6/05/2019 13:48:15 PM - Save Script: Version 13.2.0.1.203 User sudhir.pogaku
6/05/2019 13:48:52 PM - Save Script: Version 13.2.0.1.203 User sudhir.pogaku
6/07/2019 11:31:07 AM - Save Script: Version 13.2.0.1.203 User sudhir.pogaku
6/07/2019 11:35:23 AM - Launch Browser: IE version 9.11.9600.19267
6/10/2019 07:07:22 AM - Save Script: Version 13.2.0.1.203 User sudhir.pogaku
6/10/2019 07:09:30 AM - Save Script: Version 13.2.0.1.203 User sudhir.pogaku
6/10/2019 07:15:01 AM - Launch Browser: IE version 9.11.9600.19267
6/10/2019 07:30:04 AM - Launch Browser: IE version 9.11.9600.19267
6/10/2019 08:00:44 AM - Save Script: Version 13.2.0.1.203 User sudhir.pogaku
6/10/2019 09:13:46 AM - Save Script: Version 13.2.0.1.203 User sudhir.pogaku
6/10/2019 09:41:01 AM - Save Script: Version 13.2.0.1.203 User sudhir.pogaku
6/10/2019 09:43:12 AM - Save Script: Version 13.2.0.1.203 User sudhir.pogaku
6/10/2019 09:46:25 AM - Save Script: Version 13.2.0.1.203 User sudhir.pogaku
6/10/2019 09:49:09 AM - Save Script: Version 13.2.0.1.203 User sudhir.pogaku
6/10/2019 09:55:07 AM - Save Script: Version 13.2.0.1.203 User sudhir.pogaku
6/10/2019 09:55:27 AM - Save Script: Version 13.2.0.1.203 User sudhir.pogaku
6/10/2019 10:11:47 AM - Save Script: Version 13.2.0.1.203 User sudhir.pogaku
6/10/2019 11:16:01 AM - Save Script: Version 13.2.0.1.203 User sudhir.pogaku
6/10/2019 11:18:57 AM - Save Script: Version 13.2.0.1.203 User sudhir.pogaku
6/10/2019 13:13:31 PM - Save Script: Version 13.2.0.1.203 User sudhir.pogaku
6/10/2019 14:36:35 PM - Save Script: Version 13.2.0.1.203 User sudhir.pogaku
6/10/2019 15:01:41 PM - Save Script: Version 13.2.0.1.203 User sudhir.pogaku
6/11/2019 06:29:26 AM - Save Script: Version 13.2.0.1.203 User sudhir.pogaku
6/11/2019 06:35:09 AM - Save Script: Version 13.2.0.1.203 User sudhir.pogaku
6/11/2019 06:48:43 AM - Save Script: Version 13.2.0.1.203 User sudhir.pogaku
6/11/2019 06:53:56 AM - Save Script: Version 13.2.0.1.203 User sudhir.pogaku
6/11/2019 06:54:12 AM - Save Script: Version 13.2.0.1.203 User sudhir.pogaku
6/11/2019 07:31:34 AM - Save Script: Version 13.2.0.1.203 User sudhir.pogaku
6/11/2019 07:49:02 AM - Save Script: Version 13.2.0.1.203 User sudhir.pogaku
6/11/2019 08:32:06 AM - Save Script: Version 13.2.0.1.203 User sudhir.pogaku
6/11/2019 08:35:04 AM - Save Script: Version 13.2.0.1.203 User sudhir.pogaku
6/11/2019 08:39:39 AM - Save Script: Version 13.2.0.1.203 User sudhir.pogaku
6/11/2019 08:41:25 AM - Save Script: Version 13.2.0.1.203 User sudhir.pogaku
6/11/2019 08:52:08 AM - Save Script: Version 13.2.0.1.203 User sudhir.pogaku
6/11/2019 08:52:33 AM - Save Script: Version 13.2.0.1.203 User sudhir.pogaku
6/11/2019 08:59:55 AM - Save Script: Version 13.2.0.1.203 User sudhir.pogaku
6/11/2019 09:17:09 AM - Save Script: Version 13.2.0.1.203 User sudhir.pogaku
6/11/2019 09:40:20 AM - Save Script: Version 13.2.0.1.203 User sudhir.pogaku
6/11/2019 11:28:09 AM - Save Script: Version 13.2.0.1.203 User sudhir.pogaku
6/11/2019 11:33:09 AM - Save Script: Version 13.2.0.1.203 User sudhir.pogaku
6/11/2019 11:33:43 AM - Save Script: Version 13.2.0.1.203 User sudhir.pogaku
6/11/2019 11:33:56 AM - Save Script: Version 13.2.0.1.203 User sudhir.pogaku
6/11/2019 11:36:19 AM - Save Script: Version 13.2.0.1.203 User sudhir.pogaku
6/11/2019 11:44:32 AM - Save Script: Version 13.2.0.1.203 User sudhir.pogaku
6/11/2019 11:49:26 AM - Save Script: Version 13.2.0.1.203 User sudhir.pogaku
6/11/2019 11:55:05 AM - Launch Browser: IE version 9.11.9600.19267
6/11/2019 12:07:46 PM - Save Script: Version 13.2.0.1.203 User sudhir.pogaku
6/11/2019 12:17:31 PM - Save Script: Version 13.2.0.1.203 User sudhir.pogaku
6/11/2019 12:18:31 PM - Save Script: Version 13.2.0.1.203 User sudhir.pogaku
6/11/2019 12:20:23 PM - Save Script: Version 13.2.0.1.203 User sudhir.pogaku
6/11/2019 12:21:03 PM - Save Script: Version 13.2.0.1.203 User sudhir.pogaku
6/12/2019 05:17:36 AM - Save Script: Version 13.2.0.1.203 User sudhir.pogaku
6/12/2019 05:18:58 AM - Launch Browser: IE version 9.11.9600.19267
6/12/2019 05:27:10 AM - Save Script: Version 13.2.0.1.203 User sudhir.pogaku
6/12/2019 05:37:35 AM - Save Script: Version 13.2.0.1.203 User sudhir.pogaku
6/12/2019 06:00:27 AM - Save Script: Version 13.2.0.1.203 User sudhir.pogaku
6/12/2019 06:03:50 AM - Save Script: Version 13.2.0.1.203 User sudhir.pogaku
6/12/2019 06:06:41 AM - Save Script: Version 13.2.0.1.203 User sudhir.pogaku
6/12/2019 06:08:30 AM - Save Script: Version 13.2.0.1.203 User sudhir.pogaku
6/12/2019 06:08:44 AM - Save Script: Version 13.2.0.1.203 User sudhir.pogaku
6/12/2019 06:12:28 AM - Save Script: Version 13.2.0.1.203 User sudhir.pogaku
6/12/2019 06:16:44 AM - Save Script: Version 13.2.0.1.203 User sudhir.pogaku
6/12/2019 06:43:32 AM - Save Script: Version 13.2.0.1.203 User sudhir.pogaku
6/12/2019 06:45:28 AM - Save Script: Version 13.2.0.1.203 User sudhir.pogaku
6/12/2019 06:46:38 AM - Save Script: Version 13.2.0.1.203 User sudhir.pogaku
6/12/2019 06:54:37 AM - Save Script: Version 13.2.0.1.203 User sudhir.pogaku
6/12/2019 07:04:32 AM - Save Script: Version 13.2.0.1.203 User sudhir.pogaku
6/12/2019 08:14:13 AM - Save Script: Version 13.2.0.1.203 User sudhir.pogaku
6/12/2019 08:15:51 AM - Save Script: Version 13.2.0.1.203 User sudhir.pogaku
6/12/2019 08:17:04 AM - Save Script: Version 13.2.0.1.203 User sudhir.pogaku
6/12/2019 08:18:20 AM - Save Script: Version 13.2.0.1.203 User sudhir.pogaku
6/12/2019 08:50:28 AM - Save Script: Version 13.2.0.1.203 User sudhir.pogaku
6/12/2019 12:51:06 PM - Save Script: Version 13.2.0.1.203 User sudhir.pogaku
6/12/2019 13:56:30 PM - Save Script: Version 13.2.0.1.203 User sudhir.pogaku
6/12/2019 14:03:40 PM - Save Script: Version 13.2.0.1.203 User sudhir.pogaku
6/12/2019 14:38:43 PM - Save Script: Version 13.2.0.1.203 User sudhir.pogaku
6/12/2019 14:39:47 PM - Save Script: Version 13.2.0.1.203 User sudhir.pogaku
6/12/2019 14:49:41 PM - Save Script: Version 13.2.0.1.203 User sudhir.pogaku
6/12/2019 15:19:51 PM - Save Script: Version 13.2.0.1.203 User sudhir.pogaku
6/12/2019 15:20:03 PM - Save Script: Version 13.2.0.1.203 User sudhir.pogaku
6/12/2019 15:20:11 PM - Save Script: Version 13.2.0.1.203 User sudhir.pogaku
6/12/2019 16:36:03 PM - Save Script: Version 13.2.0.1.203 User sudhir.pogaku
6/13/2019 04:34:59 AM - Save Script: Version 13.2.0.1.203 User sudhir.pogaku
6/13/2019 04:36:39 AM - Save Script: Version 13.2.0.1.203 User sudhir.pogaku
6/13/2019 04:38:31 AM - Save Script: Version 13.2.0.1.203 User sudhir.pogaku
6/13/2019 05:34:13 AM - Save Script: Version 13.2.0.1.203 User sudhir.pogaku
6/13/2019 07:30:20 AM - Save Script: Version 13.2.0.1.203 User sudhir.pogaku
6/13/2019 07:33:49 AM - Save Script: Version 13.2.0.1.203 User sudhir.pogaku
6/13/2019 07:34:10 AM - Save Script: Version 13.2.0.1.203 User sudhir.pogaku
6/13/2019 07:34:45 AM - Save Script: Version 13.2.0.1.203 User sudhir.pogaku
6/13/2019 07:41:54 AM - Save Script: Version 13.2.0.1.203 User sudhir.pogaku
6/13/2019 08:09:07 AM - Save Script: Version 13.2.0.1.203 User sudhir.pogaku
6/13/2019 08:10:53 AM - Save Script: Version 13.2.0.1.203 User sudhir.pogaku
6/13/2019 08:13:36 AM - Save Script: Version 13.2.0.1.203 User sudhir.pogaku
6/13/2019 08:13:58 AM - Save Script: Version 13.2.0.1.203 User sudhir.pogaku
6/13/2019 08:18:19 AM - Save Script: Version 13.2.0.1.203 User sudhir.pogaku
6/13/2019 08:31:20 AM - Save Script: Version 13.2.0.1.203 User sudhir.pogaku
6/13/2019 08:56:46 AM - Save Script: Version 13.2.0.1.203 User sudhir.pogaku
6/13/2019 08:57:23 AM - Save Script: Version 13.2.0.1.203 User sudhir.pogaku
6/13/2019 09:36:04 AM - Save Script: Version 13.2.0.1.203 User sudhir.pogaku
6/13/2019 11:28:17 AM - Save Script: Version 13.2.0.1.203 User sudhir.pogaku
6/14/2019 14:17:35 PM - Save Script: Version 13.2.0.1.203 User sudhir.pogaku
6/17/2019 07:53:00 AM - Save Script: Version 13.2.0.1.203 User sudhir.pogaku
6/17/2019 07:56:50 AM - Save Script: Version 13.2.0.1.203 User sudhir.pogaku
6/17/2019 07:57:19 AM - Save Script: Version 13.2.0.1.203 User sudhir.pogaku
6/17/2019 07:58:21 AM - Save Script: Version 13.2.0.1.203 User sudhir.pogaku
6/17/2019 08:03:13 AM - Save Script: Version 13.2.0.1.203 User sudhir.pogaku
6/17/2019 08:04:40 AM - Save Script: Version 13.2.0.1.203 User sudhir.pogaku
6/17/2019 09:40:03 AM - Save Script: Version 13.2.0.1.203 User sudhir.pogaku
6/17/2019 09:41:16 AM - Save Script: Version 13.2.0.1.203 User sudhir.pogaku
6/17/2019 10:17:21 AM - Save Script: Version 13.2.0.1.203 User sudhir.pogaku
6/17/2019 10:21:59 AM - Save Script: Version 13.2.0.1.203 User sudhir.pogaku
6/17/2019 10:22:11 AM - Save Script: Version 13.2.0.1.203 User sudhir.pogaku
6/17/2019 10:22:18 AM - Save Script: Version 13.2.0.1.203 User sudhir.pogaku
6/17/2019 10:23:13 AM - Save Script: Version 13.2.0.1.203 User sudhir.pogaku
6/17/2019 11:36:17 AM - Save Script: Version 13.2.0.1.203 User sudhir.pogaku
6/17/2019 11:37:11 AM - Save Script: Version 13.2.0.1.203 User sudhir.pogaku
6/17/2019 11:41:58 AM - Save Script: Version 13.2.0.1.203 User sudhir.pogaku
6/17/2019 11:44:30 AM - Save Script: Version 13.2.0.1.203 User sudhir.pogaku
6/17/2019 12:30:31 PM - Save Script: Version 13.2.0.1.203 User sudhir.pogaku
6/17/2019 12:31:01 PM - Save Script: Version 13.2.0.1.203 User sudhir.pogaku
6/17/2019 13:00:08 PM - Save Script: Version 13.2.0.1.203 User sudhir.pogaku
6/17/2019 13:09:18 PM - Save Script: Version 13.2.0.1.203 User sudhir.pogaku
6/17/2019 13:15:04 PM - Save Script: Version 13.2.0.1.203 User sudhir.pogaku
6/17/2019 13:21:50 PM - Save Script: Version 13.2.0.1.203 User sudhir.pogaku
6/17/2019 14:05:24 PM - Save Script: Version 13.2.0.1.203 User sudhir.pogaku
6/17/2019 14:41:40 PM - Save Script: Version 13.2.0.1.203 User sudhir.pogaku
6/17/2019 14:43:22 PM - Save Script: Version 13.2.0.1.203 User sudhir.pogaku
6/17/2019 14:45:18 PM - Save Script: Version 13.2.0.1.203 User sudhir.pogaku
6/17/2019 14:45:29 PM - Save Script: Version 13.2.0.1.203 User sudhir.pogaku
6/17/2019 14:45:40 PM - Save Script: Version 13.2.0.1.203 User sudhir.pogaku
6/17/2019 14:53:13 PM - Save Script: Version 13.2.0.1.203 User sudhir.pogaku
6/17/2019 14:59:58 PM - Save Script: Version 13.2.0.1.203 User sudhir.pogaku
6/17/2019 15:00:56 PM - Save Script: Version 13.2.0.1.203 User sudhir.pogaku
6/17/2019 15:01:32 PM - Save Script: Version 13.2.0.1.203 User sudhir.pogaku
6/17/2019 15:03:26 PM - Save Script: Version 13.2.0.1.203 User sudhir.pogaku
6/18/2019 05:29:31 AM - Save Script: Version 13.2.0.1.203 User sudhir.pogaku
6/18/2019 05:32:09 AM - Save Script: Version 13.2.0.1.203 User sudhir.pogaku
6/18/2019 05:34:29 AM - Save Script: Version 13.2.0.1.203 User sudhir.pogaku
6/18/2019 05:35:28 AM - Save Script: Version 13.2.0.1.203 User sudhir.pogaku
6/18/2019 05:36:36 AM - Save Script: Version 13.2.0.1.203 User sudhir.pogaku
6/18/2019 05:39:11 AM - Save Script: Version 13.2.0.1.203 User sudhir.pogaku
6/18/2019 05:39:22 AM - Save Script: Version 13.2.0.1.203 User sudhir.pogaku
6/18/2019 05:39:38 AM - Save Script: Version 13.2.0.1.203 User sudhir.pogaku
6/18/2019 05:42:13 AM - Save Script: Version 13.2.0.1.203 User sudhir.pogaku
6/18/2019 05:42:26 AM - Save Script: Version 13.2.0.1.203 User sudhir.pogaku
6/18/2019 05:58:23 AM - Save Script: Version 13.2.0.1.203 User sudhir.pogaku
6/18/2019 06:04:14 AM - Save Script: Version 13.2.0.1.203 User sudhir.pogaku
6/18/2019 06:10:53 AM - Upgrade Script Results: Successfully upgraded script results.
6/18/2019 06:42:59 AM - Save Script: Version 13.2.0.1.203 User sudhir.pogaku
6/18/2019 06:46:24 AM - Save Script: Version 13.2.0.1.203 User sudhir.pogaku
6/18/2019 08:30:59 AM - Save Script: Version 13.2.0.1.203 User sudhir.pogaku
6/18/2019 08:31:06 AM - Save Script: Version 13.2.0.1.203 User sudhir.pogaku
6/18/2019 08:38:47 AM - Save Script: Version 13.2.0.1.203 User sudhir.pogaku
6/18/2019 08:39:56 AM - Save Script: Version 13.2.0.1.203 User sudhir.pogaku
6/18/2019 08:40:02 AM - Save Script: Version 13.2.0.1.203 User sudhir.pogaku
6/18/2019 10:40:52 AM - Save Script: Version 13.2.0.1.203 User sudhir.pogaku
6/18/2019 10:59:53 AM - Save Script: Version 13.2.0.1.203 User sudhir.pogaku
6/18/2019 11:48:15 AM - Save Script: Version 13.2.0.1.203 User sudhir.pogaku
6/18/2019 11:48:20 AM - Save Script: Version 13.2.0.1.203 User sudhir.pogaku
6/18/2019 11:52:22 AM - Save Script: Version 13.2.0.1.203 User sudhir.pogaku
6/18/2019 12:50:51 PM - Save Script: Version 13.2.0.1.203 User sudhir.pogaku
6/18/2019 12:51:04 PM - Save Script: Version 13.2.0.1.203 User sudhir.pogaku
6/18/2019 13:15:43 PM - Save Script: Version 13.2.0.1.203 User sudhir.pogaku
6/18/2019 13:16:18 PM - Save Script: Version 13.2.0.1.203 User sudhir.pogaku
6/18/2019 13:24:19 PM - Launch Browser: IE version 9.11.9600.19267
6/18/2019 13:36:49 PM - Save Script: Version 13.2.0.1.203 User sudhir.pogaku
6/18/2019 13:41:50 PM - Save Script: Version 13.2.0.1.203 User sudhir.pogaku
6/18/2019 13:42:09 PM - Save Script: Version 13.2.0.1.203 User sudhir.pogaku
6/18/2019 13:49:09 PM - Save Script: Version 13.2.0.1.203 User sudhir.pogaku
6/18/2019 13:51:15 PM - Save Script: Version 13.2.0.1.203 User sudhir.pogaku
6/18/2019 13:59:46 PM - Save Script: Version 13.2.0.1.203 User sudhir.pogaku
6/18/2019 14:00:52 PM - Save Script: Version 13.2.0.1.203 User sudhir.pogaku
6/18/2019 14:05:17 PM - Save Script: Version 13.2.0.1.203 User sudhir.pogaku
6/18/2019 14:05:28 PM - Save Script: Version 13.2.0.1.203 User sudhir.pogaku
6/18/2019 14:07:27 PM - Save Script: Version 13.2.0.1.203 User sudhir.pogaku
6/18/2019 14:11:38 PM - Save Script: Version 13.2.0.1.203 User sudhir.pogaku
6/18/2019 14:11:47 PM - Save Script: Version 13.2.0.1.203 User sudhir.pogaku
6/18/2019 14:39:16 PM - Save Script: Version 13.2.0.1.203 User sudhir.pogaku
6/19/2019 08:00:10 AM - Upgrade Script Results: Successfully upgraded script results.
6/19/2019 08:06:33 AM - Launch Browser: IE version 9.11.9600.19267
6/19/2019 10:31:54 AM - Save Script: Version 13.2.0.1.203 User sudhir.pogaku
6/19/2019 14:18:32 PM - Upgrade Script Results: Successfully upgraded script results.
6/19/2019 14:25:43 PM - Save Script: Version 13.2.0.1.203 User sudhir.pogaku
6/19/2019 14:26:15 PM - Save Script: Version 13.2.0.1.203 User sudhir.pogaku
6/19/2019 14:28:34 PM - Save Script: Version 13.2.0.1.203 User sudhir.pogaku
6/19/2019 14:59:19 PM - Save Script: Version 13.2.0.1.203 User sudhir.pogaku
6/19/2019 15:16:12 PM - Save Script: Version 13.2.0.1.203 User sudhir.pogaku
6/19/2019 15:16:32 PM - Save Script: Version 13.2.0.1.203 User sudhir.pogaku
6/19/2019 15:17:22 PM - Save Script: Version 13.2.0.1.203 User sudhir.pogaku
6/19/2019 15:19:49 PM - Save Script: Version 13.2.0.1.203 User sudhir.pogaku
6/19/2019 15:25:00 PM - Save Script: Version 13.2.0.1.203 User sudhir.pogaku
6/20/2019 05:11:08 AM - Save Script: Version 13.2.0.1.203 User sudhir.pogaku
6/20/2019 05:32:15 AM - Save Script: Version 13.2.0.1.203 User sudhir.pogaku
6/20/2019 05:41:08 AM - Save Script: Version 13.2.0.1.203 User sudhir.pogaku
6/20/2019 05:52:21 AM - Save Script: Version 13.2.0.1.203 User sudhir.pogaku
6/20/2019 06:09:07 AM - Save Script: Version 13.2.0.1.203 User sudhir.pogaku
6/20/2019 06:16:20 AM - Save Script: Version 13.2.0.1.203 User sudhir.pogaku
6/20/2019 06:16:49 AM - Save Script: Version 13.2.0.1.203 User sudhir.pogaku
6/20/2019 06:26:24 AM - Save Script: Version 13.2.0.1.203 User sudhir.pogaku
6/20/2019 07:03:06 AM - Save Script: Version 13.2.0.1.203 User sudhir.pogaku
6/20/2019 07:07:55 AM - Save Script: Version 13.2.0.1.203 User sudhir.pogaku
6/20/2019 07:32:52 AM - Save Script: Version 13.2.0.1.203 User sudhir.pogaku
6/20/2019 07:34:28 AM - Save Script: Version 13.2.0.1.203 User sudhir.pogaku
6/20/2019 07:35:12 AM - Save Script: Version 13.2.0.1.203 User sudhir.pogaku
6/20/2019 08:45:00 AM - Save Script: Version 13.2.0.1.203 User sudhir.pogaku
6/20/2019 08:49:23 AM - Save Script: Version 13.2.0.1.203 User sudhir.pogaku
6/20/2019 08:53:16 AM - Save Script: Version 13.2.0.1.203 User sudhir.pogaku
6/20/2019 09:00:25 AM - Save Script: Version 13.2.0.1.203 User sudhir.pogaku
6/20/2019 10:50:57 AM - Save Script: Version 13.2.0.1.203 User sudhir.pogaku
6/20/2019 10:51:08 AM - Save Script: Version 13.2.0.1.203 User sudhir.pogaku
6/21/2019 06:04:38 AM - Save Script: Version 13.2.0.1.203 User sudhir.pogaku
6/21/2019 06:04:47 AM - Save Script: Version 13.2.0.1.203 User sudhir.pogaku
6/21/2019 06:09:04 AM - Save Script: Version 13.2.0.1.203 User sudhir.pogaku
6/21/2019 06:09:23 AM - Save Script: Version 13.2.0.1.203 User sudhir.pogaku
6/21/2019 06:09:33 AM - Save Script: Version 13.2.0.1.203 User sudhir.pogaku
6/21/2019 06:09:53 AM - Save Script: Version 13.2.0.1.203 User sudhir.pogaku
6/21/2019 06:10:02 AM - Save Script: Version 13.2.0.1.203 User sudhir.pogaku
6/21/2019 06:10:12 AM - Save Script: Version 13.2.0.1.203 User sudhir.pogaku
6/21/2019 06:10:15 AM - Save Script: Version 13.2.0.1.203 User sudhir.pogaku
6/21/2019 06:10:18 AM - Save Script: Version 13.2.0.1.203 User sudhir.pogaku
6/21/2019 06:10:33 AM - Save Script: Version 13.2.0.1.203 User sudhir.pogaku
6/21/2019 06:11:16 AM - Upgrade Script Results: Successfully upgraded script results.
6/21/2019 06:15:42 AM - Save Script: Version 13.2.0.1.203 User sudhir.pogaku
6/21/2019 06:16:06 AM - Save Script: Version 13.2.0.1.203 User sudhir.pogaku
6/21/2019 06:16:07 AM - Save Script: Version 13.2.0.1.203 User sudhir.pogaku
6/21/2019 06:16:08 AM - Save Script: Version 13.2.0.1.203 User sudhir.pogaku
6/21/2019 06:16:08 AM - Save Script: Version 13.2.0.1.203 User sudhir.pogaku
6/21/2019 06:16:09 AM - Save Script: Version 13.2.0.1.203 User sudhir.pogaku
6/21/2019 06:18:49 AM - Save Script: Version 13.2.0.1.203 User sudhir.pogaku
6/21/2019 06:19:30 AM - Save Script: Version 13.2.0.1.203 User sudhir.pogaku
6/21/2019 06:19:42 AM - Save Script: Version 13.2.0.1.203 User sudhir.pogaku
6/21/2019 06:20:20 AM - Save Script: Version 13.2.0.1.203 User sudhir.pogaku
6/21/2019 06:20:31 AM - Save Script: Version 13.2.0.1.203 User sudhir.pogaku
6/21/2019 06:20:51 AM - Save Script: Version 13.2.0.1.203 User sudhir.pogaku
6/21/2019 06:32:41 AM - Save Script: Version 13.2.0.1.203 User sudhir.pogaku
6/21/2019 06:32:50 AM - Save Script: Version 13.2.0.1.203 User sudhir.pogaku
6/21/2019 06:33:10 AM - Save Script: Version 13.2.0.1.203 User sudhir.pogaku
6/21/2019 06:35:07 AM - Save Script: Version 13.2.0.1.203 User sudhir.pogaku
6/21/2019 06:37:41 AM - Save Script: Version 13.2.0.1.203 User sudhir.pogaku
6/21/2019 06:38:12 AM - Save Script: Version 13.2.0.1.203 User sudhir.pogaku
6/21/2019 06:39:47 AM - Save Script: Version 13.2.0.1.203 User sudhir.pogaku
6/21/2019 06:39:55 AM - Save Script: Version 13.2.0.1.203 User sudhir.pogaku
6/21/2019 06:48:42 AM - Save Script: Version 13.2.0.1.203 User sudhir.pogaku
6/21/2019 07:01:14 AM - Save Script: Version 13.2.0.1.203 User sudhir.pogaku
6/21/2019 07:02:06 AM - Save Script: Version 13.2.0.1.203 User sudhir.pogaku
6/21/2019 07:07:50 AM - Save Script: Version 13.2.0.1.203 User sudhir.pogaku
6/21/2019 07:12:46 AM - Save Script: Version 13.2.0.1.203 User sudhir.pogaku
6/21/2019 07:17:35 AM - Save Script: Version 13.2.0.1.203 User sudhir.pogaku
6/21/2019 07:22:00 AM - Save Script: Version 13.2.0.1.203 User sudhir.pogaku
6/21/2019 08:05:52 AM - Save Script: Version 13.2.0.1.203 User sudhir.pogaku
6/21/2019 08:09:07 AM - Save Script: Version 13.2.0.1.203 User sudhir.pogaku
6/21/2019 08:24:13 AM - Save Script: Version 13.2.0.1.203 User sudhir.pogaku
6/21/2019 08:25:15 AM - Save Script: Version 13.2.0.1.203 User sudhir.pogaku
6/21/2019 08:25:42 AM - Launch Browser: IE version 9.11.9600.19356
6/21/2019 08:26:30 AM - Save Script: Version 13.2.0.1.203 User sudhir.pogaku
6/21/2019 08:33:17 AM - Save Script: Version 13.2.0.1.203 User sudhir.pogaku
6/21/2019 08:36:46 AM - Save Script: Version 13.2.0.1.203 User sudhir.pogaku
6/21/2019 08:45:15 AM - Save Script: Version 13.2.0.1.203 User sudhir.pogaku
6/21/2019 08:54:23 AM - Save Script: Version 13.2.0.1.203 User sudhir.pogaku
6/21/2019 09:55:57 AM - Save Script: Version 13.2.0.1.203 User sudhir.pogaku
6/21/2019 10:42:08 AM - Save Script: Version 13.2.0.1.203 User sudhir.pogaku
6/21/2019 11:03:34 AM - Save Script: Version 13.2.0.1.203 User sudhir.pogaku
6/21/2019 11:11:07 AM - Save Script: Version 13.2.0.1.203 User sudhir.pogaku
6/21/2019 11:12:33 AM - Save Script: Version 13.2.0.1.203 User sudhir.pogaku
6/21/2019 11:33:49 AM - Save Script: Version 13.2.0.1.203 User sudhir.pogaku
6/21/2019 11:36:48 AM - Save Script: Version 13.2.0.1.203 User sudhir.pogaku
6/21/2019 11:52:01 AM - Save Script: Version 13.2.0.1.203 User sudhir.pogaku
6/21/2019 12:29:04 PM - Save Script: Version 13.2.0.1.203 User sudhir.pogaku
6/21/2019 12:29:16 PM - Save Script: Version 13.2.0.1.203 User sudhir.pogaku
6/21/2019 12:29:31 PM - Save Script: Version 13.2.0.1.203 User sudhir.pogaku
6/21/2019 13:15:28 PM - Save Script: Version 13.2.0.1.203 User sudhir.pogaku
6/22/2019 08:08:41 AM - Save Script: Version 13.2.0.1.203 User sudhir.pogaku
6/22/2019 08:44:43 AM - Save Script: Version 13.2.0.1.203 User sudhir.pogaku
6/22/2019 09:36:01 AM - Save Script: Version 13.2.0.1.203 User sudhir.pogaku
6/22/2019 09:37:51 AM - Save Script: Version 13.2.0.1.203 User sudhir.pogaku
6/22/2019 10:50:05 AM - Save Script: Version 13.2.0.1.203 User sudhir.pogaku
6/22/2019 10:50:11 AM - Save Script: Version 13.2.0.1.203 User sudhir.pogaku
6/22/2019 11:00:32 AM - Save Script: Version 13.2.0.1.203 User sudhir.pogaku
6/22/2019 11:01:27 AM - Save Script: Version 13.2.0.1.203 User sudhir.pogaku
6/22/2019 11:02:47 AM - Save Script: Version 13.2.0.1.203 User sudhir.pogaku
6/22/2019 11:06:09 AM - Save Script: Version 13.2.0.1.203 User sudhir.pogaku
6/22/2019 11:06:45 AM - Save Script: Version 13.2.0.1.203 User sudhir.pogaku
6/22/2019 11:07:39 AM - Save Script: Version 13.2.0.1.203 User sudhir.pogaku
6/22/2019 11:08:35 AM - Save Script: Version 13.2.0.1.203 User sudhir.pogaku
6/22/2019 11:33:14 AM - Save Script: Version 13.2.0.1.203 User sudhir.pogaku
6/22/2019 11:33:34 AM - Save Script: Version 13.2.0.1.203 User sudhir.pogaku
6/22/2019 11:34:37 AM - Save Script: Version 13.2.0.1.203 User sudhir.pogaku
6/22/2019 12:16:19 PM - Save Script: Version 13.2.0.1.203 User sudhir.pogaku
6/22/2019 12:46:26 PM - Save Script: Version 13.2.0.1.203 User sudhir.pogaku
6/22/2019 12:49:58 PM - Save Script: Version 13.2.0.1.203 User sudhir.pogaku
6/22/2019 13:20:30 PM - Save Script: Version 13.2.0.1.203 User sudhir.pogaku
6/22/2019 13:55:33 PM - Launch Browser: IE version 9.11.9600.19356
6/22/2019 14:02:13 PM - Save Script: Version 13.2.0.1.203 User sudhir.pogaku
6/22/2019 14:33:49 PM - Save Script: Version 13.2.0.1.203 User sudhir.pogaku
6/23/2019 08:57:17 AM - Save Script: Version 13.2.0.1.203 User sudhir.pogaku
6/23/2019 09:09:07 AM - Save Script: Version 13.2.0.1.203 User sudhir.pogaku
6/23/2019 09:20:35 AM - Save Script: Version 13.2.0.1.203 User sudhir.pogaku
6/23/2019 09:36:18 AM - Save Script: Version 13.2.0.1.203 User sudhir.pogaku
6/23/2019 09:36:22 AM - Save Script: Version 13.2.0.1.203 User sudhir.pogaku
6/23/2019 09:37:22 AM - Save Script: Version 13.2.0.1.203 User sudhir.pogaku
6/23/2019 09:39:42 AM - Save Script: Version 13.2.0.1.203 User sudhir.pogaku
6/23/2019 09:40:15 AM - Save Script: Version 13.2.0.1.203 User sudhir.pogaku
6/23/2019 10:36:21 AM - Save Script: Version 13.2.0.1.203 User sudhir.pogaku
6/23/2019 10:37:08 AM - Save Script: Version 13.2.0.1.203 User sudhir.pogaku
6/23/2019 10:37:13 AM - Save Script: Version 13.2.0.1.203 User sudhir.pogaku
6/23/2019 11:04:00 AM - Save Script: Version 13.2.0.1.203 User sudhir.pogaku
6/23/2019 11:07:44 AM - Save Script: Version 13.2.0.1.203 User sudhir.pogaku
6/23/2019 11:14:08 AM - Save Script: Version 13.2.0.1.203 User sudhir.pogaku
6/23/2019 11:15:08 AM - Save Script: Version 13.2.0.1.203 User sudhir.pogaku
6/23/2019 11:16:00 AM - Save Script: Version 13.2.0.1.203 User sudhir.pogaku
6/23/2019 11:18:07 AM - Save Script: Version 13.2.0.1.203 User sudhir.pogaku
6/23/2019 11:20:23 AM - Save Script: Version 13.2.0.1.203 User sudhir.pogaku
6/23/2019 11:22:29 AM - Save Script: Version 13.2.0.1.203 User sudhir.pogaku
6/23/2019 11:22:53 AM - Save Script: Version 13.2.0.1.203 User sudhir.pogaku
6/23/2019 11:23:29 AM - Save Script: Version 13.2.0.1.203 User sudhir.pogaku
6/23/2019 11:36:33 AM - Save Script: Version 13.2.0.1.203 User sudhir.pogaku
6/23/2019 11:48:15 AM - Save Script: Version 13.2.0.1.203 User sudhir.pogaku
6/23/2019 11:50:58 AM - Save Script: Version 13.2.0.1.203 User sudhir.pogaku
6/23/2019 11:51:25 AM - Save Script: Version 13.2.0.1.203 User sudhir.pogaku
6/23/2019 12:06:09 PM - Save Script: Version 13.2.0.1.203 User sudhir.pogaku
6/23/2019 12:10:52 PM - Save Script: Version 13.2.0.1.203 User sudhir.pogaku
6/23/2019 12:44:08 PM - Save Script: Version 13.2.0.1.203 User sudhir.pogaku
6/23/2019 12:44:48 PM - Save Script: Version 13.2.0.1.203 User sudhir.pogaku
6/23/2019 12:46:37 PM - Save Script: Version 13.2.0.1.203 User sudhir.pogaku
6/23/2019 13:08:00 PM - Save Script: Version 13.2.0.1.203 User sudhir.pogaku
6/23/2019 13:10:42 PM - Save Script: Version 13.2.0.1.203 User sudhir.pogaku
6/23/2019 13:18:20 PM - Save Script: Version 13.2.0.1.203 User sudhir.pogaku
6/23/2019 13:18:49 PM - Save Script: Version 13.2.0.1.203 User sudhir.pogaku
6/23/2019 13:27:09 PM - Save Script: Version 13.2.0.1.203 User sudhir.pogaku
6/23/2019 13:27:19 PM - Save Script: Version 13.2.0.1.203 User sudhir.pogaku
6/23/2019 13:46:21 PM - Save Script: Version 13.2.0.1.203 User sudhir.pogaku
6/23/2019 13:48:27 PM - Save Script: Version 13.2.0.1.203 User sudhir.pogaku
6/23/2019 14:47:53 PM - Save Script: Version 13.2.0.1.203 User sudhir.pogaku
6/23/2019 14:48:02 PM - Save Script: Version 13.2.0.1.203 User sudhir.pogaku
6/23/2019 14:58:13 PM - Save Script: Version 13.2.0.1.203 User sudhir.pogaku
6/23/2019 15:01:02 PM - Save Script: Version 13.2.0.1.203 User sudhir.pogaku
6/23/2019 15:32:03 PM - Save Script: Version 13.2.0.1.203 User sudhir.pogaku
6/23/2019 15:33:22 PM - Save Script: Version 13.2.0.1.203 User sudhir.pogaku
6/23/2019 15:37:17 PM - Save Script: Version 13.2.0.1.203 User sudhir.pogaku
6/23/2019 15:38:31 PM - Save Script: Version 13.2.0.1.203 User sudhir.pogaku
6/23/2019 15:40:32 PM - Save Script: Version 13.2.0.1.203 User sudhir.pogaku
6/24/2019 06:11:15 AM - Save Script: Version 13.2.0.1.203 User sudhir.pogaku
6/24/2019 06:42:07 AM - Save Script: Version 13.2.0.1.203 User sudhir.pogaku
6/25/2019 06:38:15 AM - Save Script: Version 13.2.0.1.203 User sudhir.pogaku
6/25/2019 06:40:54 AM - Save Script: Version 13.2.0.1.203 User sudhir.pogaku
6/25/2019 06:41:54 AM - Launch Browser: IE version 9.11.9600.19356
6/25/2019 06:48:14 AM - Save Script: Version 13.2.0.1.203 User sudhir.pogaku
6/25/2019 06:52:29 AM - Save Script: Version 13.2.0.1.203 User sudhir.pogaku
6/26/2019 10:46:26 AM - Save Script: Version 13.2.0.1.203 User sudhir.pogaku
6/26/2019 10:56:51 AM - Save Script: Version 13.2.0.1.203 User sudhir.pogaku
6/26/2019 10:57:26 AM - Save Script: Version 13.2.0.1.203 User sudhir.pogaku
7/11/2019 09:57:31 AM - Upgrade Script Results: Successfully upgraded script results.
7/11/2019 12:17:48 PM - Save Script: Version 13.2.0.1.203 User sudhir.pogaku
7/11/2019 12:18:20 PM - Save Script: Version 13.2.0.1.203 User sudhir.pogaku
7/11/2019 13:40:57 PM - Save Script: Version 13.2.0.1.203 User sudhir.pogaku
7/11/2019 15:35:16 PM - Save Script: Version 13.2.0.1.203 User sudhir.pogaku
7/24/2019 17:20:07 PM - Save Script: Version 13.2.0.1.203 User sudhir.pogaku
7/24/2019 17:48:18 PM - Save Script: Version 13.2.0.1.203 User sudhir.pogaku
7/24/2019 17:51:09 PM - Save Script: Version 13.2.0.1.203 User sudhir.pogaku
7/24/2019 17:51:54 PM - Save Script: Version 13.2.0.1.203 User sudhir.pogaku
7/24/2019 18:07:02 PM - Save Script: Version 13.2.0.1.203 User sudhir.pogaku
7/24/2019 18:07:56 PM - Save Script: Version 13.2.0.1.203 User sudhir.pogaku
7/24/2019 18:08:12 PM - Save Script: Version 13.2.0.1.203 User sudhir.pogaku
7/24/2019 18:08:33 PM - Save Script: Version 13.2.0.1.203 User sudhir.pogaku
7/24/2019 18:17:53 PM - Launch Browser: Chrome version null
7/24/2019 18:20:30 PM - Save Script: Version 13.2.0.1.203 User sudhir.pogaku
7/24/2019 18:27:09 PM - Save Script: Version 13.2.0.1.203 User sudhir.pogaku
7/24/2019 18:30:05 PM - Save Script: Version 13.2.0.1.203 User sudhir.pogaku
7/24/2019 18:31:06 PM - Save Script: Version 13.2.0.1.203 User sudhir.pogaku
7/24/2019 18:31:17 PM - Save Script: Version 13.2.0.1.203 User sudhir.pogaku
7/24/2019 18:42:07 PM - Save Script: Version 13.2.0.1.203 User sudhir.pogaku
7/24/2019 18:42:24 PM - Save Script: Version 13.2.0.1.203 User sudhir.pogaku
7/24/2019 18:43:17 PM - Save Script: Version 13.2.0.1.203 User sudhir.pogaku
7/24/2019 18:52:48 PM - Save Script: Version 13.2.0.1.203 User sudhir.pogaku
7/25/2019 17:03:47 PM - Save Script: Version 13.2.0.1.203 User sudhir.pogaku
7/25/2019 17:21:42 PM - Save Script: Version 13.2.0.1.203 User sudhir.pogaku
7/25/2019 17:54:01 PM - Save Script: Version 13.2.0.1.203 User sudhir.pogaku
7/25/2019 17:57:12 PM - Save Script: Version 13.2.0.1.203 User sudhir.pogaku
7/25/2019 17:58:34 PM - Save Script: Version 13.2.0.1.203 User sudhir.pogaku
7/25/2019 18:10:06 PM - Save Script: Version 13.2.0.1.203 User sudhir.pogaku
7/25/2019 18:10:18 PM - Save Script: Version 13.2.0.1.203 User sudhir.pogaku
7/25/2019 18:11:16 PM - Save Script: Version 13.2.0.1.203 User sudhir.pogaku
7/25/2019 18:11:31 PM - Save Script: Version 13.2.0.1.203 User sudhir.pogaku
7/25/2019 18:12:16 PM - Save Script: Version 13.2.0.1.203 User sudhir.pogaku
7/26/2019 12:19:43 PM - Save Script: Version 13.2.0.1.203 User sudhir.pogaku
7/26/2019 12:20:32 PM - Save Script: Version 13.2.0.1.203 User sudhir.pogaku
7/29/2019 17:38:57 PM - Save Script: Version 13.2.0.1.203 User sudhir.pogaku
7/29/2019 17:51:21 PM - Save Script: Version 13.2.0.1.203 User sudhir.pogaku
8/01/2019 16:10:25 PM - Upgrade Script Results: Successfully upgraded script results.
8/01/2019 17:21:16 PM - Save Script: Version 13.2.0.1.203 User sudhir.pogaku
8/01/2019 17:21:48 PM - Save Script: Version 13.2.0.1.203 User sudhir.pogaku
8/01/2019 17:25:33 PM - Save Script: Version 13.2.0.1.203 User sudhir.pogaku
8/01/2019 17:26:30 PM - Save Script: Version 13.2.0.1.203 User sudhir.pogaku
8/01/2019 17:27:20 PM - Save Script: Version 13.2.0.1.203 User sudhir.pogaku
8/01/2019 17:32:06 PM - Save Script: Version 13.2.0.1.203 User sudhir.pogaku
8/01/2019 17:32:14 PM - Save Script: Version 13.2.0.1.203 User sudhir.pogaku
8/01/2019 17:33:35 PM - Save Script: Version 13.2.0.1.203 User sudhir.pogaku
8/01/2019 17:34:04 PM - Save Script: Version 13.2.0.1.203 User sudhir.pogaku
8/01/2019 17:34:21 PM - Save Script: Version 13.2.0.1.203 User sudhir.pogaku
8/01/2019 17:40:06 PM - Save Script: Version 13.2.0.1.203 User sudhir.pogaku
8/01/2019 17:43:16 PM - Save Script: Version 13.2.0.1.203 User sudhir.pogaku
8/01/2019 17:47:29 PM - Save Script: Version 13.2.0.1.203 User sudhir.pogaku
8/01/2019 17:48:20 PM - Save Script: Version 13.2.0.1.203 User sudhir.pogaku
8/01/2019 17:48:45 PM - Save Script: Version 13.2.0.1.203 User sudhir.pogaku
8/01/2019 17:50:03 PM - Save Script: Version 13.2.0.1.203 User sudhir.pogaku
8/01/2019 17:50:43 PM - Save Script: Version 13.2.0.1.203 User sudhir.pogaku
8/01/2019 17:51:15 PM - Save Script: Version 13.2.0.1.203 User sudhir.pogaku
8/01/2019 17:51:25 PM - Save Script: Version 13.2.0.1.203 User sudhir.pogaku
8/01/2019 17:52:54 PM - Save Script: Version 13.2.0.1.203 User sudhir.pogaku
8/01/2019 17:56:16 PM - Save Script: Version 13.2.0.1.203 User sudhir.pogaku
8/01/2019 17:56:20 PM - Save Script: Version 13.2.0.1.203 User sudhir.pogaku
8/01/2019 18:00:27 PM - Save Script: Version 13.2.0.1.203 User sudhir.pogaku
8/01/2019 18:02:12 PM - Save Script: Version 13.2.0.1.203 User sudhir.pogaku
8/01/2019 18:02:40 PM - Save Script: Version 13.2.0.1.203 User sudhir.pogaku
8/01/2019 18:03:29 PM - Save Script: Version 13.2.0.1.203 User sudhir.pogaku
8/01/2019 18:03:38 PM - Save Script: Version 13.2.0.1.203 User sudhir.pogaku
8/01/2019 18:04:23 PM - Save Script: Version 13.2.0.1.203 User sudhir.pogaku
8/01/2019 18:07:14 PM - Save Script: Version 13.2.0.1.203 User sudhir.pogaku
8/01/2019 18:07:47 PM - Save Script: Version 13.2.0.1.203 User sudhir.pogaku
8/01/2019 18:08:54 PM - Save Script: Version 13.2.0.1.203 User sudhir.pogaku
8/01/2019 18:12:39 PM - Save Script: Version 13.2.0.1.203 User sudhir.pogaku
8/01/2019 18:13:15 PM - Save Script: Version 13.2.0.1.203 User sudhir.pogaku
8/01/2019 18:13:20 PM - Save Script: Version 13.2.0.1.203 User sudhir.pogaku
8/01/2019 18:13:50 PM - Save Script: Version 13.2.0.1.203 User sudhir.pogaku
8/01/2019 18:13:56 PM - Save Script: Version 13.2.0.1.203 User sudhir.pogaku
8/01/2019 18:16:36 PM - Save Script: Version 13.2.0.1.203 User sudhir.pogaku
8/01/2019 18:17:09 PM - Save Script: Version 13.2.0.1.203 User sudhir.pogaku
8/01/2019 18:17:44 PM - Save Script: Version 13.2.0.1.203 User sudhir.pogaku
8/01/2019 18:18:05 PM - Save Script: Version 13.2.0.1.203 User sudhir.pogaku
8/01/2019 18:18:37 PM - Save Script: Version 13.2.0.1.203 User sudhir.pogaku
8/01/2019 18:19:21 PM - Save Script: Version 13.2.0.1.203 User sudhir.pogaku
8/01/2019 18:19:47 PM - Save Script: Version 13.2.0.1.203 User sudhir.pogaku
8/01/2019 18:20:16 PM - Save Script: Version 13.2.0.1.203 User sudhir.pogaku
8/01/2019 18:20:25 PM - Save Script: Version 13.2.0.1.203 User sudhir.pogaku
8/02/2019 09:09:15 AM - Save Script: Version 13.2.0.1.203 User sudhir.pogaku
8/02/2019 09:10:55 AM - Save Script: Version 13.2.0.1.203 User sudhir.pogaku
8/02/2019 09:11:12 AM - Save Script: Version 13.2.0.1.203 User sudhir.pogaku
8/02/2019 09:13:29 AM - Save Script: Version 13.2.0.1.203 User sudhir.pogaku
8/02/2019 09:14:43 AM - Save Script: Version 13.2.0.1.203 User sudhir.pogaku
8/02/2019 17:43:09 PM - Save Script: Version 13.2.0.1.203 User sudhir.pogaku
8/03/2019 17:51:52 PM - Save Script: Version 13.2.0.1.203 User sudhir.pogaku
8/03/2019 18:14:51 PM - Save Script: Version 13.2.0.1.203 User sudhir.pogaku
8/03/2019 18:16:08 PM - Save Script: Version 13.2.0.1.203 User sudhir.pogaku
8/13/2019 14:17:49 PM - Save Script: Version 13.2.0.1.203 User sudhir.pogaku
8/13/2019 14:21:04 PM - Save Script: Version 13.2.0.1.203 User sudhir.pogaku
8/13/2019 14:21:26 PM - Save Script: Version 13.2.0.1.203 User sudhir.pogaku
8/13/2019 14:21:36 PM - Save Script: Version 13.2.0.1.203 User sudhir.pogaku
8/13/2019 14:53:34 PM - Save Script: Version 13.2.0.1.203 User sudhir.pogaku
8/13/2019 14:53:43 PM - Save Script: Version 13.2.0.1.203 User sudhir.pogaku
8/13/2019 14:54:12 PM - Save Script: Version 13.2.0.1.203 User sudhir.pogaku
8/13/2019 14:59:48 PM - Save Script: Version 13.2.0.1.203 User sudhir.pogaku
8/13/2019 16:53:42 PM - Save Script: Version 13.2.0.1.203 User sudhir.pogaku
8/13/2019 16:54:26 PM - Save Script: Version 13.2.0.1.203 User sudhir.pogaku
8/13/2019 16:54:39 PM - Save Script: Version 13.2.0.1.203 User sudhir.pogaku